<?xml version="1.0" encoding="UTF-8"?>
<testng-results skipped="0" failed="0" total="1" passed="1">
  <reporter-output>
  </reporter-output>
  <suite name="Default suite" duration-ms="833" started-at="2022-04-18T08:16:38Z" finished-at="2022-04-18T08:16:39Z">
    <groups>
    </groups>
    <test name="Default test" duration-ms="833" started-at="2022-04-18T08:16:38Z" finished-at="2022-04-18T08:16:39Z">
      <class name="caseStudy1.readDataFromLoops">
        <test-method status="PASS" signature="testdata()[pri:0, instance:caseStudy1.readDataFromLoops@2f7a2457]" name="testdata" duration-ms="804" started-at="2022-04-18T13:46:38Z" finished-at="2022-04-18T13:46:39Z">
          <reporter-output>
          </reporter-output>
        </test-method> <!-- testdata -->
      </class> <!-- caseStudy1.readDataFromLoops -->
    </test> <!-- Default test -->
  </suite> <!-- Default suite -->
</testng-results>
